
Inactive Modules:
  1) CMake/3.11.1      3) Tcl/8.6.8           5) tbb/2018_U3
  2) SQLite/3.21.0     4) libreadline/7.0

Due to MODULEPATH changes, the following have been reloaded:
  1) GMP/6.1.2         3) bzip2/1.0.6      5) zlib/1.2.11
  2) binutils/2.28     4) libffi/3.2.1

The following have been reloaded with a version change:
  1) GCCcore/6.4.0 => GCCcore/8.3.0

DEBUG: 
CLASSIFIER:  96deab195821.h5
Model: NOISY CNN 20M
Confusion matrix:
 [[823181 176342]
 [942205  58272]]
Accuracy: 0.4407265
F1-score: 0.0943606584454101
MCC: -0.18363449124201342
DEBUG: 
CLASSIFIER:  cd6a8e86b043.h5
Model: NOISY CNN 20M E30
Confusion matrix:
 [[740389 259134]
 [917391  83086]]
Accuracy: 0.4117375
F1-score: 0.12375986540522545
MCC: -0.23394701739732582
