images_training_1800000_202011251111.npy
<class 'str'>
Noising  images_training_1800000_202011251111.npy  this may take some time.
[[4.525000e+00 1.120500e+01 9.310000e+00 2.574000e+01 3.386500e+01
  2.656500e+01 2.983500e+01 9.060000e+00 3.187500e+01 2.457000e+01
  2.145000e+01 3.548500e+01 3.382500e+01 5.391500e+01 2.992500e+01
  9.355500e+01]
 [1.489500e+01 8.650000e+00 3.771500e+01 2.475000e+01 2.305500e+01
  4.765500e+01 3.157000e+01 3.660000e+01 1.740000e+01 5.365500e+01
  4.554000e+01 3.418500e+01 6.415500e+01 4.715000e+00 4.865000e+01
  8.877000e+01]
 [4.770000e+00 2.529000e+01 2.745500e+01 1.640500e+01 1.016000e+02
  3.546000e+01 2.412000e+01 2.029500e+01 2.866000e+02 6.244000e+01
  1.173200e+02 8.202500e+01 9.612000e+01 6.179000e+01 9.553000e+01
  6.034500e+01]
 [2.739000e+01 1.485000e+01 4.884000e+01 2.562500e+01 5.490000e+01
  6.205000e+01 3.844500e+01 4.009500e+01 5.475500e+01 8.797500e+01
  1.187550e+02 8.850000e+01 1.127500e+02 7.030500e+01 1.481550e+02
  1.223850e+02]
 [2.354500e+01 1.505900e+02 2.026500e+01 2.595500e+01 9.443000e+01
  6.384000e+01 1.909000e+01 8.135500e+01 4.758000e+01 6.929000e+01
  9.653000e+01 1.252900e+02 1.634150e+02 1.628700e+02 4.363050e+02
  1.189000e+02]
 [8.950000e+00 4.020500e+01 2.350000e+01 2.635000e+01 2.524500e+01
  2.576000e+01 1.123500e+02 3.874500e+01 4.985500e+01 1.515150e+02
  4.732500e+02 2.795650e+02 2.189500e+02 2.671200e+02 3.883550e+02
  7.124250e+02]
 [2.709000e+01 2.004000e+01 2.886500e+01 2.971500e+01 1.544000e+01
  4.944500e+01 5.928000e+01 8.410500e+01 1.232650e+02 6.877500e+01
  4.280400e+02 3.573900e+02 3.572300e+02 1.479475e+03 5.520500e+02
  6.556500e+02]
 [1.561500e+01 1.071000e+01 1.627500e+01 2.771000e+01 6.258000e+01
  3.933000e+01 6.675000e+01 8.212500e+01 8.950000e+01 2.074950e+02
  2.321300e+02 2.555775e+03 8.702400e+02 2.171385e+03 1.101545e+03
  2.024000e+02]
 [1.337000e+01 1.837000e+01 2.035500e+01 4.875000e+01 3.307500e+01
  2.920500e+01 4.671000e+01 2.866500e+02 2.043300e+02 2.803300e+02
  2.476400e+02 7.482000e+02 4.369870e+03 4.786245e+03 2.483950e+03
  1.195740e+03]
 [1.185000e+01 6.510000e+00 4.710000e+01 2.743000e+01 4.005000e+01
  2.788500e+01 1.267300e+02 6.012500e+01 1.138150e+02 2.026650e+02
  3.178500e+02 7.242000e+02 1.605705e+03 6.436095e+03 2.420145e+03
  6.463800e+02]
 [1.059500e+01 7.150000e+00 5.025500e+01 4.851500e+01 4.828500e+01
  2.945000e+01 5.460000e+01 4.114000e+01 1.007400e+02 1.342350e+02
  2.601500e+02 5.000700e+02 2.039425e+03 1.102710e+03 1.648350e+03
  7.227000e+02]
 [1.505000e+01 4.287500e+01 1.950000e+01 2.837500e+01 1.378850e+02
  5.301000e+01 7.817500e+01 5.671500e+01 8.761500e+01 2.186550e+02
  4.652750e+02 3.616250e+02 4.794350e+02 3.028950e+02 5.512500e+02
  5.581500e+02]
 [5.215000e+00 2.200500e+01 9.525000e+00 3.262000e+01 3.787500e+01
  5.590000e+01 1.063750e+02 6.867500e+01 1.083150e+02 1.295000e+02
  1.903900e+02 7.777500e+01 1.646450e+02 2.125200e+02 2.432700e+02
  1.978250e+02]
 [1.085500e+01 1.691500e+01 1.881000e+01 2.394000e+01 1.928500e+01
  3.118500e+01 5.865000e+01 4.725000e+01 8.790000e+01 2.167150e+02
  1.052100e+02 1.103300e+02 8.700000e+01 8.338200e+02 1.276050e+02
  1.415250e+02]
 [2.877000e+01 1.450000e+01 1.777200e+02 3.334500e+01 2.827000e+01
  4.086000e+01 5.235500e+01 4.432000e+01 5.408000e+01 1.602250e+02
  3.745000e+01 1.757500e+02 1.062600e+02 2.875600e+02 1.404150e+02
  1.828300e+02]
 [6.484500e+01 8.760000e+00 1.237500e+01 1.001000e+01 1.701000e+01
  2.041000e+01 1.925000e+01 7.440000e+01 3.580000e+01 6.035000e+01
  9.204500e+01 3.958500e+01 4.808500e+01 7.227500e+01 7.884000e+01
  5.002500e+01]]
Finished processing  nimages_training_1800000_202011251111.npy
Time elapsed: 3655.3989894390106
