images_training_18000000_202012080020.npy
<class 'str'>
Noising  images_training_18000000_202012080020.npy  this may take some time.
[[2.565000e+01 5.009500e+01 1.047050e+02 3.685500e+01 4.162500e+01
  3.062500e+01 3.376000e+01 3.248000e+01 2.211000e+01 1.557000e+01
  3.581500e+01 1.687500e+01 2.398500e+01 1.151500e+01 7.155000e+00
  1.578500e+01]
 [8.664500e+01 1.505000e+01 6.342500e+01 1.266900e+02 8.123500e+01
  5.338000e+01 8.578500e+01 4.161500e+01 9.472500e+01 3.056000e+01
  3.202500e+01 1.292500e+01 8.977500e+01 1.183500e+01 7.400000e+00
  7.320000e+00]
 [7.561500e+01 5.768500e+01 8.365500e+01 3.553500e+01 8.684000e+01
  1.265250e+02 7.141000e+01 5.516000e+01 5.396500e+01 4.306500e+01
  6.604500e+01 3.069000e+01 1.352000e+01 2.601000e+01 1.085000e+01
  9.880000e+00]
 [1.292600e+02 1.799500e+02 2.074750e+02 2.959300e+02 1.593100e+02
  1.436400e+02 1.065900e+02 2.627300e+02 4.788000e+01 2.565000e+01
  3.987500e+01 5.533500e+01 2.470000e+01 4.102500e+01 1.005000e+01
  2.349000e+01]
 [9.661500e+01 1.334400e+02 3.508650e+02 8.581950e+02 4.432050e+02
  5.274400e+02 1.090600e+02 1.048950e+02 7.336500e+01 3.454500e+01
  8.827000e+01 4.550000e+01 4.744000e+01 2.625000e+01 6.565000e+00
  9.555000e+00]
 [1.246950e+02 2.263050e+02 7.095600e+02 1.057775e+03 1.524985e+03
  4.137400e+02 2.180100e+02 1.795450e+02 7.045500e+01 4.079500e+01
  1.417000e+01 1.930500e+01 1.680900e+02 1.205000e+01 8.905000e+00
  8.775000e+00]
 [3.449250e+02 4.503400e+02 6.967250e+02 6.807015e+03 3.294375e+03
  1.690665e+03 4.360500e+02 3.233250e+02 5.659500e+01 4.235500e+01
  3.607500e+01 2.681500e+01 1.162000e+01 2.446500e+01 1.777500e+01
  1.290000e+01]
 [1.554900e+02 4.125000e+02 6.455400e+02 1.355125e+03 1.192980e+03
  6.210000e+02 2.593150e+02 2.301750e+02 9.412500e+01 6.314000e+01
  2.338000e+01 3.001500e+01 2.194500e+01 5.665000e+00 1.435500e+01
  1.086000e+01]
 [1.666000e+02 1.870600e+02 1.189305e+03 3.593400e+02 2.301750e+02
  3.504500e+02 2.270700e+02 9.308000e+01 1.622700e+02 5.268500e+01
  4.823000e+01 1.530000e+01 1.436500e+01 2.360000e+01 2.125500e+01
  1.084000e+01]
 [7.417500e+01 3.155700e+02 3.724550e+02 2.706550e+02 2.133800e+02
  4.095000e+02 5.791500e+01 7.092000e+01 4.805000e+01 2.926000e+01
  1.984500e+01 1.875000e+01 2.270500e+01 1.072500e+01 9.585000e+00
  4.180000e+00]
 [5.068000e+01 1.076400e+02 1.403000e+02 9.359000e+01 9.897500e+01
  1.018350e+02 8.988000e+01 1.172600e+02 2.790000e+01 2.929500e+01
  1.833500e+01 2.541500e+01 2.288500e+01 9.545000e+00 1.397500e+01
  8.360000e+00]
 [6.363000e+01 6.984500e+01 1.914250e+02 8.571500e+01 5.973000e+01
  8.387500e+01 5.634500e+01 4.075500e+01 3.982500e+01 5.669500e+01
  1.057000e+01 1.306500e+01 2.189000e+01 3.307500e+01 1.777500e+01
  1.462500e+01]
 [1.822500e+01 6.744500e+01 4.632000e+01 3.958500e+01 7.892500e+01
  2.859500e+01 2.537500e+01 2.743500e+01 4.306500e+01 1.397000e+01
  5.063500e+01 1.510500e+01 1.878500e+01 9.525000e+00 5.020000e+00
  4.875000e+00]
 [1.564500e+01 3.866500e+01 2.898500e+01 1.794500e+01 3.933000e+01
  4.065000e+01 2.712000e+01 4.823000e+01 1.773000e+01 2.405500e+01
  1.990000e+01 4.725000e+00 9.240000e+00 9.780000e+00 8.920000e+00
  8.360000e+00]
 [2.830000e+01 1.750000e+01 1.287000e+01 1.501500e+01 3.003000e+01
  2.061000e+01 3.003000e+01 3.390000e+01 2.070000e+01 1.848000e+01
  3.789000e+01 2.262000e+01 1.273500e+01 4.890000e+00 7.550000e+00
  2.860000e+00]
 [5.240000e+00 2.268000e+01 1.350000e+01 5.033000e+01 2.567500e+01
  1.028500e+01 1.407000e+01 7.550000e+00 1.422000e+01 8.305000e+00
  1.363500e+01 1.490500e+01 8.255000e+00 2.025000e+00 1.768500e+01
  3.700000e+00]]
Finished processing  nimages_training_18000000_202012080020.npy
Time elapsed: 42179.511107206345
images_test_2000000_202012080020.npy
<class 'str'>
Noising  images_test_2000000_202012080020.npy  this may take some time.
[[  18.745   36.3     99.79    24.99    32.22    39.      35.815   21.625
    46.9     14.5      8.585    8.35    15.28     7.05     5.8      0.   ]
 [  13.065   54.315   42.63    41.17    46.8     69.63    56.4    129.675
   101.7     28.05    67.06    28.595   10.45    11.205   10.45     6.775]
 [  64.12    76.02    99.875   82.875   44.895   70.07   115.425   90.09
   107.415   30.615   26.375   18.09     5.355   14.91    14.325    5.575]
 [  72.93   236.06   113.505  130.075  101.06   183.57   769.25   325.62
   182.25    89.225   28.275  102.735   22.14     7.75     2.13     4.625]
 [ 101.265  125.35   286.75   240.66   407.16   251.34   543.375  555.205
   125.58   109.82    37.26    44.72    27.81     8.45    28.86     5.075]
 [ 266.02   713.455 1143.525  530.145  239.98   172.935  369.95   223.88
   540.385   66.75    40.53    24.975   15.19    10.985    6.265    6.675]
 [ 363.58   511.245  803.75   422.955  221.595   67.34   164.265  114.5
    86.95   306.985   23.625   63.105   45.305    9.54    10.505    3.495]
 [ 695.4    223.155  358.215  274.085  221.925   67.235  127.435   27.16
    56.425   27.475   16.275   12.075   16.73    20.1      7.605    1.575]
 [  42.075  276.675  239.425  103.075   64.525   71.355   34.65    57.575
    26.79    32.505   21.225    8.89    13.845    9.64     7.245    6.99 ]
 [  31.535  124.875   44.03   130.875   48.3     48.755   29.85    21.24
    10.395   21.67    26.5     20.805   11.98     6.685   13.65    20.19 ]
 [  39.95   140.99    39.345   54.425   25.9     18.62    21.01    22.95
    16.92    18.525   34.705   13.855   13.62     9.87     6.965    4.475]
 [  33.77    35.91    24.505   16.39    16.1     32.235   19.92    15.895
    15.525   89.895   44.2     13.5     45.52     6.36     7.335    2.06 ]
 [  19.6     17.1     40.365   32.85     5.8     17.475   13.965   15.795
    17.175   13.62    14.385   23.985   15.015    4.325    9.78    13.965]
 [  17.01    20.775   41.895   16.245   23.545   22.685   16.17     7.
    10.38     4.36     9.945    9.85     9.05    12.99     2.715    4.575]
 [  22.125   16.275   25.925   10.215   10.6      8.745    9.55     6.965
     6.165   36.92     2.775    6.15    10.15    12.34     5.61     3.86 ]
 [   9.88     7.4      8.235   45.765    3.875    9.85     5.675    8.68
     9.1      7.4      9.03     3.58     9.22     5.505    4.725   10.515]]
Finished processing  nimages_test_2000000_202012080020.npy
Time elapsed: 4696.8593826293945
